{"/home/daniel/Documents/NAIT/current_class/weather-app-modules-and-testing/js/src/weather.js": {"path":"/home/daniel/Documents/NAIT/current_class/weather-app-modules-and-testing/js/src/weather.js","statementMap":{"0":{"start":{"line":2,"column":16},"end":{"line":2,"column":50}},"1":{"start":{"line":3,"column":17},"end":{"line":3,"column":59}},"2":{"start":{"line":5,"column":16},"end":{"line":11,"column":1}},"3":{"start":{"line":6,"column":2},"end":{"line":6,"column":16}},"4":{"start":{"line":7,"column":2},"end":{"line":7,"column":23}},"5":{"start":{"line":8,"column":2},"end":{"line":10,"column":3}},"6":{"start":{"line":9,"column":4},"end":{"line":9,"column":32}},"7":{"start":{"line":13,"column":0},"end":{"line":27,"column":1}},"8":{"start":{"line":14,"column":2},"end":{"line":26,"column":7}},"9":{"start":{"line":15,"column":24},"end":{"line":15,"column":39}},"10":{"start":{"line":16,"column":23},"end":{"line":16,"column":78}},"11":{"start":{"line":17,"column":19},"end":{"line":17,"column":54}},"12":{"start":{"line":18,"column":25},"end":{"line":18,"column":55}},"13":{"start":{"line":19,"column":26},"end":{"line":19,"column":50}},"14":{"start":{"line":20,"column":22},"end":{"line":20,"column":66}},"15":{"start":{"line":21,"column":21},"end":{"line":21,"column":64}},"16":{"start":{"line":23,"column":6},"end":{"line":25,"column":9}},"17":{"start":{"line":29,"column":0},"end":{"line":71,"column":2}},"18":{"start":{"line":31,"column":4},"end":{"line":70,"column":6}},"19":{"start":{"line":33,"column":8},"end":{"line":33,"column":31}},"20":{"start":{"line":39,"column":14},"end":{"line":39,"column":16}},"21":{"start":{"line":40,"column":19},"end":{"line":40,"column":21}},"22":{"start":{"line":42,"column":8},"end":{"line":67,"column":11}},"23":{"start":{"line":44,"column":33},"end":{"line":44,"column":37}},"24":{"start":{"line":47,"column":20},"end":{"line":47,"column":29}},"25":{"start":{"line":47,"column":51},"end":{"line":47,"column":66}},"26":{"start":{"line":50,"column":12},"end":{"line":50,"column":42}},"27":{"start":{"line":51,"column":12},"end":{"line":57,"column":13}},"28":{"start":{"line":53,"column":16},"end":{"line":53,"column":36}},"29":{"start":{"line":54,"column":16},"end":{"line":54,"column":25}},"30":{"start":{"line":56,"column":16},"end":{"line":56,"column":69}},"31":{"start":{"line":60,"column":12},"end":{"line":62,"column":13}},"32":{"start":{"line":61,"column":16},"end":{"line":61,"column":42}},"33":{"start":{"line":64,"column":12},"end":{"line":66,"column":13}},"34":{"start":{"line":65,"column":16},"end":{"line":65,"column":40}},"35":{"start":{"line":69,"column":8},"end":{"line":69,"column":59}}},"fnMap":{"0":{"name":"(anonymous_0)","decl":{"start":{"line":5,"column":16},"end":{"line":5,"column":17}},"loc":{"start":{"line":5,"column":34},"end":{"line":11,"column":1}},"line":5},"1":{"name":"(anonymous_1)","decl":{"start":{"line":13,"column":38},"end":{"line":13,"column":39}},"loc":{"start":{"line":13,"column":49},"end":{"line":27,"column":1}},"line":13},"2":{"name":"(anonymous_2)","decl":{"start":{"line":15,"column":10},"end":{"line":15,"column":11}},"loc":{"start":{"line":15,"column":24},"end":{"line":15,"column":39}},"line":15},"3":{"name":"(anonymous_3)","decl":{"start":{"line":15,"column":46},"end":{"line":15,"column":47}},"loc":{"start":{"line":15,"column":66},"end":{"line":26,"column":5}},"line":15},"4":{"name":"(anonymous_4)","decl":{"start":{"line":29,"column":32},"end":{"line":29,"column":33}},"loc":{"start":{"line":29,"column":44},"end":{"line":71,"column":1}},"line":29},"5":{"name":"(anonymous_5)","decl":{"start":{"line":32,"column":10},"end":{"line":32,"column":11}},"loc":{"start":{"line":32,"column":22},"end":{"line":34,"column":5}},"line":32},"6":{"name":"(anonymous_6)","decl":{"start":{"line":35,"column":10},"end":{"line":35,"column":11}},"loc":{"start":{"line":35,"column":18},"end":{"line":70,"column":5}},"line":35},"7":{"name":"(anonymous_7)","decl":{"start":{"line":42,"column":26},"end":{"line":42,"column":27}},"loc":{"start":{"line":42,"column":36},"end":{"line":67,"column":9}},"line":42}},"branchMap":{"0":{"loc":{"start":{"line":8,"column":2},"end":{"line":10,"column":3}},"type":"if","locations":[{"start":{"line":8,"column":2},"end":{"line":10,"column":3}},{"start":{"line":8,"column":2},"end":{"line":10,"column":3}}],"line":8},"1":{"loc":{"start":{"line":51,"column":12},"end":{"line":57,"column":13}},"type":"if","locations":[{"start":{"line":51,"column":12},"end":{"line":57,"column":13}},{"start":{"line":51,"column":12},"end":{"line":57,"column":13}}],"line":51},"2":{"loc":{"start":{"line":60,"column":12},"end":{"line":62,"column":13}},"type":"if","locations":[{"start":{"line":60,"column":12},"end":{"line":62,"column":13}},{"start":{"line":60,"column":12},"end":{"line":62,"column":13}}],"line":60},"3":{"loc":{"start":{"line":64,"column":12},"end":{"line":66,"column":13}},"type":"if","locations":[{"start":{"line":64,"column":12},"end":{"line":66,"column":13}},{"start":{"line":64,"column":12},"end":{"line":66,"column":13}}],"line":64}},"s":{"0":1,"1":1,"2":1,"3":2,"4":2,"5":2,"6":1,"7":1,"8":1,"9":1,"10":1,"11":1,"12":1,"13":1,"14":1,"15":1,"16":1,"17":1,"18":1,"19":1,"20":1,"21":1,"22":1,"23":2,"24":2,"25":2,"26":2,"27":2,"28":2,"29":2,"30":2,"31":2,"32":0,"33":2,"34":0,"35":1},"f":{"0":2,"1":1,"2":1,"3":1,"4":1,"5":1,"6":1,"7":2},"b":{"0":[1,1],"1":[2,0],"2":[0,2],"3":[0,2]},"_coverageSchema":"1a1c01bbd47fc00a2c39e90264f33305004495a9","hash":"f01bd73e5c6294d4638996f3f1e79c50cb1e4422"}
}
