TN:
SF:js/src/weather.js
FN:5,(anonymous_0)
FN:13,(anonymous_1)
FN:15,(anonymous_2)
FN:15,(anonymous_3)
FN:29,(anonymous_4)
FN:32,(anonymous_5)
FN:35,(anonymous_6)
FN:42,(anonymous_7)
FNF:8
FNH:8
FNDA:2,(anonymous_0)
FNDA:1,(anonymous_1)
FNDA:1,(anonymous_2)
FNDA:1,(anonymous_3)
FNDA:1,(anonymous_4)
FNDA:1,(anonymous_5)
FNDA:1,(anonymous_6)
FNDA:2,(anonymous_7)
DA:2,1
DA:3,1
DA:5,1
DA:6,2
DA:7,2
DA:8,2
DA:9,1
DA:13,1
DA:14,1
DA:15,1
DA:16,1
DA:17,1
DA:18,1
DA:19,1
DA:20,1
DA:21,1
DA:23,1
DA:29,1
DA:31,1
DA:33,1
DA:39,1
DA:40,1
DA:42,1
DA:44,2
DA:47,2
DA:50,2
DA:51,2
DA:53,2
DA:54,2
DA:56,2
DA:60,2
DA:61,0
DA:64,2
DA:65,0
DA:69,1
LF:35
LH:33
BRDA:8,0,0,1
BRDA:8,0,1,1
BRDA:51,1,0,2
BRDA:51,1,1,0
BRDA:60,2,0,0
BRDA:60,2,1,2
BRDA:64,3,0,0
BRDA:64,3,1,2
BRF:8
BRH:5
end_of_record
